TN:
SF:C:\Users\artcam\nstraining\GildedRose-Refactoring-Kata\js-jest\src\gilded_rose.js
FN:2,(anonymous_0)
FN:10,(anonymous_1)
FN:13,(anonymous_2)
FNF:3
FNH:3
FNDA:13,(anonymous_0)
FNDA:13,(anonymous_1)
FNDA:13,(anonymous_2)
DA:3,13
DA:4,13
DA:5,13
DA:11,13
DA:14,13
DA:15,13
DA:16,5
DA:17,4
DA:18,2
DA:22,8
DA:23,8
DA:24,8
DA:25,5
DA:26,4
DA:27,3
DA:30,5
DA:31,2
DA:32,2
DA:38,13
DA:39,11
DA:41,13
DA:42,4
DA:43,3
DA:44,2
DA:45,1
DA:46,1
DA:50,1
DA:53,1
DA:54,1
DA:60,13
DA:64,1
LF:31
LH:31
BRDA:10,0,0,0
BRDA:15,1,0,5
BRDA:15,1,1,8
BRDA:15,2,0,13
BRDA:15,2,1,10
BRDA:16,3,0,4
BRDA:16,3,1,1
BRDA:17,4,0,2
BRDA:17,4,1,2
BRDA:22,5,0,8
BRDA:22,5,1,0
BRDA:24,6,0,5
BRDA:24,6,1,3
BRDA:25,7,0,4
BRDA:25,7,1,1
BRDA:26,8,0,3
BRDA:26,8,1,1
BRDA:30,9,0,2
BRDA:30,9,1,3
BRDA:31,10,0,2
BRDA:31,10,1,0
BRDA:38,11,0,11
BRDA:38,11,1,2
BRDA:41,12,0,4
BRDA:41,12,1,9
BRDA:42,13,0,3
BRDA:42,13,1,1
BRDA:43,14,0,2
BRDA:43,14,1,1
BRDA:44,15,0,1
BRDA:44,15,1,1
BRDA:45,16,0,1
BRDA:45,16,1,0
BRDA:53,17,0,1
BRDA:53,17,1,0
BRF:35
BRH:30
end_of_record
